<?xml version="1.0" encoding="UTF-8"?>
<testsuite xmlns:xsi="http://www.w3.org/2001/XMLSchema-instance" xsi:noNamespaceSchemaLocation="https://maven.apache.org/surefire/maven-surefire-plugin/xsd/surefire-test-report-3.0.xsd" version="3.0" name="com.edi.validator.EDI834ValidatorTest" time="0.708" tests="3" errors="0" skipped="0" failures="0">
  <properties>
    <property name="java.specification.version" value="21"/>
    <property name="sun.cpu.isalist" value="amd64"/>
    <property name="sun.jnu.encoding" value="Cp1252"/>
    <property name="java.class.path" value="C:\Users\jcsen\EDI\target\test-classes;C:\Users\jcsen\EDI\target\classes;C:\Users\jcsen\.m2\repository\org\apache\commons\commons-lang3\3.12.0\commons-lang3-3.12.0.jar;C:\Users\jcsen\.m2\repository\org\slf4j\slf4j-api\1.7.36\slf4j-api-1.7.36.jar;C:\Users\jcsen\.m2\repository\ch\qos\logback\logback-classic\1.2.11\logback-classic-1.2.11.jar;C:\Users\jcsen\.m2\repository\ch\qos\logback\logback-core\1.2.11\logback-core-1.2.11.jar;C:\Users\jcsen\.m2\repository\junit\junit\4.13.2\junit-4.13.2.jar;C:\Users\jcsen\.m2\repository\org\hamcrest\hamcrest-core\1.3\hamcrest-core-1.3.jar;"/>
    <property name="java.vm.vendor" value="Eclipse Adoptium"/>
    <property name="sun.arch.data.model" value="64"/>
    <property name="user.variant" value=""/>
    <property name="java.vendor.url" value="https://adoptium.net/"/>
    <property name="user.timezone" value="America/New_York"/>
    <property name="os.name" value="Windows 10"/>
    <property name="java.vm.specification.version" value="21"/>
    <property name="sun.java.launcher" value="SUN_STANDARD"/>
    <property name="user.country" value="US"/>
    <property name="sun.boot.library.path" value="C:\Program Files\Eclipse Adoptium\jdk-21.0.7.6-hotspot\bin"/>
    <property name="sun.java.command" value="C:\Users\jcsen\AppData\Local\Temp\surefire12466268684919693190\surefirebooter-20250507105335000_3.jar C:\Users\jcsen\AppData\Local\Temp\surefire12466268684919693190 2025-05-07T10-53-34_752-jvmRun1 surefire-20250507105335000_1tmp surefire_0-20250507105335000_2tmp"/>
    <property name="jdk.debug" value="release"/>
    <property name="surefire.test.class.path" value="C:\Users\jcsen\EDI\target\test-classes;C:\Users\jcsen\EDI\target\classes;C:\Users\jcsen\.m2\repository\org\apache\commons\commons-lang3\3.12.0\commons-lang3-3.12.0.jar;C:\Users\jcsen\.m2\repository\org\slf4j\slf4j-api\1.7.36\slf4j-api-1.7.36.jar;C:\Users\jcsen\.m2\repository\ch\qos\logback\logback-classic\1.2.11\logback-classic-1.2.11.jar;C:\Users\jcsen\.m2\repository\ch\qos\logback\logback-core\1.2.11\logback-core-1.2.11.jar;C:\Users\jcsen\.m2\repository\junit\junit\4.13.2\junit-4.13.2.jar;C:\Users\jcsen\.m2\repository\org\hamcrest\hamcrest-core\1.3\hamcrest-core-1.3.jar;"/>
    <property name="sun.cpu.endian" value="little"/>
    <property name="user.home" value="C:\Users\jcsen"/>
    <property name="user.language" value="en"/>
    <property name="java.specification.vendor" value="Oracle Corporation"/>
    <property name="java.version.date" value="2025-04-15"/>
    <property name="java.home" value="C:\Program Files\Eclipse Adoptium\jdk-21.0.7.6-hotspot"/>
    <property name="file.separator" value="\"/>
    <property name="basedir" value="C:\Users\jcsen\EDI"/>
    <property name="java.vm.compressedOopsMode" value="Zero based"/>
    <property name="line.separator" value="&#10;"/>
    <property name="java.vm.specification.vendor" value="Oracle Corporation"/>
    <property name="java.specification.name" value="Java Platform API Specification"/>
    <property name="surefire.real.class.path" value="C:\Users\jcsen\AppData\Local\Temp\surefire12466268684919693190\surefirebooter-20250507105335000_3.jar"/>
    <property name="user.script" value=""/>
    <property name="sun.management.compiler" value="HotSpot 64-Bit Tiered Compilers"/>
    <property name="java.runtime.version" value="21.0.7+6-LTS"/>
    <property name="user.name" value="jcsen"/>
    <property name="stdout.encoding" value="Cp1252"/>
    <property name="path.separator" value=";"/>
    <property name="os.version" value="10.0"/>
    <property name="java.runtime.name" value="OpenJDK Runtime Environment"/>
    <property name="file.encoding" value="UTF-8"/>
    <property name="java.vm.name" value="OpenJDK 64-Bit Server VM"/>
    <property name="java.vendor.version" value="Temurin-21.0.7+6"/>
    <property name="localRepository" value="C:\Users\jcsen\.m2\repository"/>
    <property name="java.vendor.url.bug" value="https://github.com/adoptium/adoptium-support/issues"/>
    <property name="java.io.tmpdir" value="C:\Users\jcsen\AppData\Local\Temp\"/>
    <property name="java.version" value="21.0.7"/>
    <property name="user.dir" value="C:\Users\jcsen\EDI"/>
    <property name="os.arch" value="amd64"/>
    <property name="java.vm.specification.name" value="Java Virtual Machine Specification"/>
    <property name="sun.os.patch.level" value=""/>
    <property name="native.encoding" value="Cp1252"/>
    <property name="java.library.path" value="C:\Program Files\Eclipse Adoptium\jdk-21.0.7.6-hotspot\bin;C:\Windows\Sun\Java\bin;C:\Windows\system32;C:\Windows;C:\Program Files\Eclipse Adoptium\jdk-21.0.7.6-hotspot\bin;C:\Program Files (x86)\Common Files\Oracle\Java\javapath;C:\Windows\system32;C:\Windows;C:\Windows\System32\Wbem;C:\Windows\System32\WindowsPowerShell\v1.0\;C:\Windows\System32\OpenSSH\;C:\Program Files (x86)\NVIDIA Corporation\PhysX\Common;C:\Program Files\Git\cmd;C:\Program Files\MATLAB\R2021a\bin;C:\Program Files\dotnet\;C:\Program Files\NVIDIA Corporation\NVIDIA app\NvDLISR;C:\Users\jcsen\Documents\apache-maven-3.9.9-bin\apache-maven-3.9.9\bin;%MAVEN_HOME%\bin;C:\Program Files\Eclipse Adoptium\jdk-21.0.7.6-hotspot\\bin;C:\Users\jcsen\Desktop\roop-unleashed-main\roop-unleashed-main\installer\installer_files\ffmpeg\bin\;C:\Program Files (x86)\Common Files\Oracle\Java\javapath;C:\Windows\system32;C:\Windows;C:\Windows\System32\Wbem;C:\Windows\System32\WindowsPowerShell\v1.0\;C:\Windows\System32\OpenSSH\;C:\Program Files (x86)\NVIDIA Corporation\PhysX\Common;C:\Program Files\NVIDIA Corporation\NVIDIA NvDLISR;C:\Program Files\Git\cmd;C:\Program Files\MATLAB\R2021a\bin;C:\Program Files\dotnet\;C:\Users\jcsen\AppData\Local\Microsoft\WindowsApps;C:\Users\jcsen\AppData\Local\atom\bin;C:\Users\jcsen\AppData\Local\GitHubDesktop\bin;C:\Users\jcsen\AppData\Local\Programs\Microsoft VS Code\bin;C:\Windows\system32;C:\Users\jcsen\AppData\Local\Programs\cursor\resources\app\bin;C:\Users\jcsen\Documents\apache-maven-3.9.9-bin\apache-maven-3.9.9;;."/>
    <property name="java.vm.info" value="mixed mode, sharing"/>
    <property name="stderr.encoding" value="Cp1252"/>
    <property name="java.vendor" value="Eclipse Adoptium"/>
    <property name="java.vm.version" value="21.0.7+6-LTS"/>
    <property name="sun.io.unicode.encoding" value="UnicodeLittle"/>
    <property name="java.class.version" value="65.0"/>
  </properties>
  <testcase name="testDateFormats" classname="com.edi.validator.EDI834ValidatorTest" time="0.129">
    <system-out><![CDATA[10:53:35.640 [main] ERROR com.edi.validator.EDI834Validator - Line 1: Invalid ISA sender ID: Z10950          (must start with NY)
10:53:35.644 [main] DEBUG com.edi.validator.EDI834Validator - Validating ISA segment at line 1: ISA*00*          *00*          *ZZ*Z10950         *ZZ*NYSDOH-APD     *250425*1733*^*00501*251151552*1*T*:~
10:53:35.645 [main] ERROR com.edi.validator.EDI834Validator - Line 2: Invalid GS sender ID: NN68209 (must start with NY)
10:53:35.645 [main] DEBUG com.edi.validator.EDI834Validator - Validating GS segment at line 2: GS*BE*NN68209*NYSDOH-APD*20250425*1733*25042515*X*005010X318~
10:53:35.645 [main] DEBUG com.edi.validator.EDI834Validator - Validating ST segment at line 3: ST*834*25042515*005010X318~
10:53:35.646 [main] ERROR com.edi.validator.EDI834Validator - Line 4: Invalid BGN date format: 220711 (must be CCYYMMDD)
10:53:35.646 [main] DEBUG com.edi.validator.EDI834Validator - Validating BGN segment at line 4: BGN*00*25042515*20250418*220711*CS***RX~
10:53:35.646 [main] ERROR com.edi.validator.EDI834Validator - Line 5: Invalid DTP date format: 20250418~ (must be CCYYMMDD)
10:53:35.646 [main] DEBUG com.edi.validator.EDI834Validator - Validating DTP segment at line 5: DTP*007*D8*20250418~
10:53:35.646 [main] DEBUG com.edi.validator.EDI834Validator - Validating N1 segment at line 6: N1*41*Unum*46*Z10950~
10:53:35.646 [main] DEBUG com.edi.validator.EDI834Validator - Validating N1 segment at line 7: N1*40*NYSDOH-APD*46*OSDS~
10:53:35.647 [main] DEBUG com.edi.validator.EDI834Validator - Validating N1 segment at line 8: N1*ACV*Provident Life and Casualty Ins. Co*94*NN68209~
10:53:35.647 [main] DEBUG com.edi.validator.EDI834Validator - Validating INS segment at line 9: INS*N*01*030**A****N*N~
10:53:35.647 [main] ERROR com.edi.validator.EDI834Validator - Line 10: Invalid SSN format in REF segment: 312522809~
10:53:35.647 [main] DEBUG com.edi.validator.EDI834Validator - Validating REF segment at line 10: REF*0F*312522809~
10:53:35.647 [main] DEBUG com.edi.validator.EDI834Validator - Validating REF segment at line 11: REF*SY*312522809~
10:53:35.647 [main] DEBUG com.edi.validator.EDI834Validator - Validating REF segment at line 12: REF*6O*312522809~
10:53:35.647 [main] DEBUG com.edi.validator.EDI834Validator - Validating NM1 segment at line 13: NM1*IL*1*MASSARIA*DORRIE****MI*9466393649~
10:53:35.647 [main] DEBUG com.edi.validator.EDI834Validator - Validating DMG segment at line 16: DMG*D8*19530430*F**7~
10:53:35.647 [main] DEBUG com.edi.validator.EDI834Validator - Validating HD segment at line 17: HD*030**DEN**ESP~
10:53:35.648 [main] ERROR com.edi.validator.EDI834Validator - Line 18: Invalid DTP date format: 20240930~ (must be CCYYMMDD)
10:53:35.648 [main] DEBUG com.edi.validator.EDI834Validator - Validating DTP segment at line 18: DTP*303*D8*20240930~
10:53:35.648 [main] ERROR com.edi.validator.EDI834Validator - Line 19: Invalid DTP date format: 20240930~ (must be CCYYMMDD)
10:53:35.648 [main] DEBUG com.edi.validator.EDI834Validator - Validating DTP segment at line 19: DTP*348*D8*20240930~
10:53:35.648 [main] ERROR com.edi.validator.EDI834Validator - Line 20: Invalid DTP date format: 20240930~ (must be CCYYMMDD)
10:53:35.648 [main] DEBUG com.edi.validator.EDI834Validator - Validating DTP segment at line 20: DTP*349*D8*20240930~
10:53:35.648 [main] DEBUG com.edi.validator.EDI834Validator - Validating AMT segment at line 21: AMT*D2*0.01~
10:53:35.648 [main] DEBUG com.edi.validator.EDI834Validator - Validating AMT segment at line 22: AMT*P3*0.01~
10:53:35.648 [main] ERROR com.edi.validator.EDI834Validator - Line 23: Invalid member ID format in REF segment: 00958228~
10:53:35.648 [main] DEBUG com.edi.validator.EDI834Validator - Validating REF segment at line 23: REF*1L*00958228~
10:53:35.648 [main] DEBUG com.edi.validator.EDI834Validator - Validating LX segment at line 24: LX*1~
10:53:35.649 [main] ERROR com.edi.validator.EDI834Validator - Line 25: Invalid entity type qualifier in NM1 segment: P3
10:53:35.649 [main] DEBUG com.edi.validator.EDI834Validator - Validating NM1 segment at line 25: NM1*P3*2*NN68209]D26570_NY]Dental*****34*9466393649~
10:53:35.649 [main] DEBUG com.edi.validator.EDI834Validator - Validating PLA segment at line 26: PLA*2*P3*20240930~
10:53:35.649 [main] ERROR com.edi.validator.EDI834Validator - Line 27: Invalid loop identifier in LS segment: 2700~
10:53:35.649 [main] DEBUG com.edi.validator.EDI834Validator - Validating LS segment at line 27: LS*2700~
10:53:35.649 [main] DEBUG com.edi.validator.EDI834Validator - Validating LX segment at line 28: LX*1~
10:53:35.649 [main] DEBUG com.edi.validator.EDI834Validator - Validating N1 segment at line 29: N1*IAE*NN68209~
10:53:35.649 [main] DEBUG com.edi.validator.EDI834Validator - Validating REF segment at line 30: REF*18*NN68209]D26570_NY]Dental~
10:53:35.649 [main] ERROR com.edi.validator.EDI834Validator - Line 31: Invalid loop identifier in LE segment: 2700~
10:53:35.649 [main] DEBUG com.edi.validator.EDI834Validator - Validating LE segment at line 31: LE*2700~
Test report generated: target/test-reports/Date_Formats_20250507_105335.html
]]></system-out>
  </testcase>
  <testcase name="testLoopIdentifiers" classname="com.edi.validator.EDI834ValidatorTest" time="0.026">
    <system-out><![CDATA[10:53:35.691 [main] ERROR com.edi.validator.EDI834Validator - Line 1: Invalid ISA sender ID: Z10950          (must start with NY)
10:53:35.691 [main] DEBUG com.edi.validator.EDI834Validator - Validating ISA segment at line 1: ISA*00*          *00*          *ZZ*Z10950         *ZZ*NYSDOH-APD     *250425*1733*^*00501*251151552*1*T*:~
10:53:35.691 [main] ERROR com.edi.validator.EDI834Validator - Line 2: Invalid GS sender ID: NN68209 (must start with NY)
10:53:35.691 [main] DEBUG com.edi.validator.EDI834Validator - Validating GS segment at line 2: GS*BE*NN68209*NYSDOH-APD*20250425*1733*25042515*X*005010X318~
10:53:35.691 [main] DEBUG com.edi.validator.EDI834Validator - Validating ST segment at line 3: ST*834*25042515*005010X318~
10:53:35.691 [main] ERROR com.edi.validator.EDI834Validator - Line 4: Invalid BGN date format: 220711 (must be CCYYMMDD)
10:53:35.691 [main] DEBUG com.edi.validator.EDI834Validator - Validating BGN segment at line 4: BGN*00*25042515*20250418*220711*CS***RX~
10:53:35.691 [main] ERROR com.edi.validator.EDI834Validator - Line 5: Invalid DTP date format: 20250418~ (must be CCYYMMDD)
10:53:35.692 [main] DEBUG com.edi.validator.EDI834Validator - Validating DTP segment at line 5: DTP*007*D8*20250418~
10:53:35.692 [main] DEBUG com.edi.validator.EDI834Validator - Validating N1 segment at line 6: N1*41*Unum*46*Z10950~
10:53:35.692 [main] DEBUG com.edi.validator.EDI834Validator - Validating N1 segment at line 7: N1*40*NYSDOH-APD*46*OSDS~
10:53:35.692 [main] DEBUG com.edi.validator.EDI834Validator - Validating N1 segment at line 8: N1*ACV*Provident Life and Casualty Ins. Co*94*NN68209~
10:53:35.692 [main] DEBUG com.edi.validator.EDI834Validator - Validating INS segment at line 9: INS*N*01*030**A****N*N~
10:53:35.692 [main] ERROR com.edi.validator.EDI834Validator - Line 10: Invalid SSN format in REF segment: 312522809~
10:53:35.692 [main] DEBUG com.edi.validator.EDI834Validator - Validating REF segment at line 10: REF*0F*312522809~
10:53:35.693 [main] DEBUG com.edi.validator.EDI834Validator - Validating REF segment at line 11: REF*SY*312522809~
10:53:35.693 [main] DEBUG com.edi.validator.EDI834Validator - Validating REF segment at line 12: REF*6O*312522809~
10:53:35.693 [main] DEBUG com.edi.validator.EDI834Validator - Validating NM1 segment at line 13: NM1*IL*1*MASSARIA*DORRIE****MI*9466393649~
10:53:35.693 [main] DEBUG com.edi.validator.EDI834Validator - Validating DMG segment at line 16: DMG*D8*19530430*F**7~
10:53:35.693 [main] DEBUG com.edi.validator.EDI834Validator - Validating HD segment at line 17: HD*030**DEN**ESP~
10:53:35.693 [main] ERROR com.edi.validator.EDI834Validator - Line 18: Invalid DTP date format: 20240930~ (must be CCYYMMDD)
10:53:35.693 [main] DEBUG com.edi.validator.EDI834Validator - Validating DTP segment at line 18: DTP*303*D8*20240930~
10:53:35.694 [main] ERROR com.edi.validator.EDI834Validator - Line 19: Invalid DTP date format: 20240930~ (must be CCYYMMDD)
10:53:35.694 [main] DEBUG com.edi.validator.EDI834Validator - Validating DTP segment at line 19: DTP*348*D8*20240930~
10:53:35.694 [main] ERROR com.edi.validator.EDI834Validator - Line 20: Invalid DTP date format: 20240930~ (must be CCYYMMDD)
10:53:35.694 [main] DEBUG com.edi.validator.EDI834Validator - Validating DTP segment at line 20: DTP*349*D8*20240930~
10:53:35.694 [main] DEBUG com.edi.validator.EDI834Validator - Validating AMT segment at line 21: AMT*D2*0.01~
10:53:35.694 [main] DEBUG com.edi.validator.EDI834Validator - Validating AMT segment at line 22: AMT*P3*0.01~
10:53:35.694 [main] ERROR com.edi.validator.EDI834Validator - Line 23: Invalid member ID format in REF segment: 00958228~
10:53:35.694 [main] DEBUG com.edi.validator.EDI834Validator - Validating REF segment at line 23: REF*1L*00958228~
10:53:35.694 [main] DEBUG com.edi.validator.EDI834Validator - Validating LX segment at line 24: LX*1~
10:53:35.695 [main] ERROR com.edi.validator.EDI834Validator - Line 25: Invalid entity type qualifier in NM1 segment: P3
10:53:35.695 [main] DEBUG com.edi.validator.EDI834Validator - Validating NM1 segment at line 25: NM1*P3*2*NN68209]D26570_NY]Dental*****34*9466393649~
10:53:35.695 [main] DEBUG com.edi.validator.EDI834Validator - Validating PLA segment at line 26: PLA*2*P3*20240930~
10:53:35.695 [main] ERROR com.edi.validator.EDI834Validator - Line 27: Invalid loop identifier in LS segment: 2700~
10:53:35.695 [main] DEBUG com.edi.validator.EDI834Validator - Validating LS segment at line 27: LS*2700~
10:53:35.695 [main] DEBUG com.edi.validator.EDI834Validator - Validating LX segment at line 28: LX*1~
10:53:35.695 [main] DEBUG com.edi.validator.EDI834Validator - Validating N1 segment at line 29: N1*IAE*NN68209~
10:53:35.695 [main] DEBUG com.edi.validator.EDI834Validator - Validating REF segment at line 30: REF*18*NN68209]D26570_NY]Dental~
10:53:35.695 [main] ERROR com.edi.validator.EDI834Validator - Line 31: Invalid loop identifier in LE segment: 2700~
10:53:35.695 [main] DEBUG com.edi.validator.EDI834Validator - Validating LE segment at line 31: LE*2700~
Test report generated: target/test-reports/Loop_Identifiers_20250507_105335.html
]]></system-out>
  </testcase>
  <testcase name="testRequiredSegments" classname="com.edi.validator.EDI834ValidatorTest" time="0.027">
    <system-out><![CDATA[10:53:35.702 [main] ERROR com.edi.validator.EDI834Validator - Line 1: Invalid ISA sender ID: Z10950          (must start with NY)
10:53:35.702 [main] DEBUG com.edi.validator.EDI834Validator - Validating ISA segment at line 1: ISA*00*          *00*          *ZZ*Z10950         *ZZ*NYSDOH-APD     *250425*1733*^*00501*251151552*1*T*:~
10:53:35.702 [main] ERROR com.edi.validator.EDI834Validator - Line 2: Invalid GS sender ID: NN68209 (must start with NY)
10:53:35.703 [main] DEBUG com.edi.validator.EDI834Validator - Validating GS segment at line 2: GS*BE*NN68209*NYSDOH-APD*20250425*1733*25042515*X*005010X318~
10:53:35.703 [main] DEBUG com.edi.validator.EDI834Validator - Validating ST segment at line 3: ST*834*25042515*005010X318~
10:53:35.703 [main] ERROR com.edi.validator.EDI834Validator - Line 4: Invalid BGN date format: 220711 (must be CCYYMMDD)
10:53:35.703 [main] DEBUG com.edi.validator.EDI834Validator - Validating BGN segment at line 4: BGN*00*25042515*20250418*220711*CS***RX~
10:53:35.703 [main] ERROR com.edi.validator.EDI834Validator - Line 5: Invalid DTP date format: 20250418~ (must be CCYYMMDD)
10:53:35.703 [main] DEBUG com.edi.validator.EDI834Validator - Validating DTP segment at line 5: DTP*007*D8*20250418~
10:53:35.703 [main] DEBUG com.edi.validator.EDI834Validator - Validating N1 segment at line 6: N1*41*Unum*46*Z10950~
10:53:35.703 [main] DEBUG com.edi.validator.EDI834Validator - Validating N1 segment at line 7: N1*40*NYSDOH-APD*46*OSDS~
10:53:35.703 [main] DEBUG com.edi.validator.EDI834Validator - Validating N1 segment at line 8: N1*ACV*Provident Life and Casualty Ins. Co*94*NN68209~
10:53:35.703 [main] DEBUG com.edi.validator.EDI834Validator - Validating INS segment at line 9: INS*N*01*030**A****N*N~
10:53:35.704 [main] ERROR com.edi.validator.EDI834Validator - Line 10: Invalid SSN format in REF segment: 312522809~
10:53:35.704 [main] DEBUG com.edi.validator.EDI834Validator - Validating REF segment at line 10: REF*0F*312522809~
10:53:35.704 [main] DEBUG com.edi.validator.EDI834Validator - Validating REF segment at line 11: REF*SY*312522809~
10:53:35.704 [main] DEBUG com.edi.validator.EDI834Validator - Validating REF segment at line 12: REF*6O*312522809~
10:53:35.704 [main] DEBUG com.edi.validator.EDI834Validator - Validating NM1 segment at line 13: NM1*IL*1*MASSARIA*DORRIE****MI*9466393649~
10:53:35.704 [main] DEBUG com.edi.validator.EDI834Validator - Validating DMG segment at line 16: DMG*D8*19530430*F**7~
10:53:35.704 [main] DEBUG com.edi.validator.EDI834Validator - Validating HD segment at line 17: HD*030**DEN**ESP~
10:53:35.704 [main] ERROR com.edi.validator.EDI834Validator - Line 18: Invalid DTP date format: 20240930~ (must be CCYYMMDD)
10:53:35.704 [main] DEBUG com.edi.validator.EDI834Validator - Validating DTP segment at line 18: DTP*303*D8*20240930~
10:53:35.705 [main] ERROR com.edi.validator.EDI834Validator - Line 19: Invalid DTP date format: 20240930~ (must be CCYYMMDD)
10:53:35.705 [main] DEBUG com.edi.validator.EDI834Validator - Validating DTP segment at line 19: DTP*348*D8*20240930~
10:53:35.705 [main] ERROR com.edi.validator.EDI834Validator - Line 20: Invalid DTP date format: 20240930~ (must be CCYYMMDD)
10:53:35.705 [main] DEBUG com.edi.validator.EDI834Validator - Validating DTP segment at line 20: DTP*349*D8*20240930~
10:53:35.705 [main] DEBUG com.edi.validator.EDI834Validator - Validating AMT segment at line 21: AMT*D2*0.01~
10:53:35.705 [main] DEBUG com.edi.validator.EDI834Validator - Validating AMT segment at line 22: AMT*P3*0.01~
10:53:35.705 [main] ERROR com.edi.validator.EDI834Validator - Line 23: Invalid member ID format in REF segment: 00958228~
10:53:35.705 [main] DEBUG com.edi.validator.EDI834Validator - Validating REF segment at line 23: REF*1L*00958228~
10:53:35.705 [main] DEBUG com.edi.validator.EDI834Validator - Validating LX segment at line 24: LX*1~
10:53:35.706 [main] ERROR com.edi.validator.EDI834Validator - Line 25: Invalid entity type qualifier in NM1 segment: P3
10:53:35.706 [main] DEBUG com.edi.validator.EDI834Validator - Validating NM1 segment at line 25: NM1*P3*2*NN68209]D26570_NY]Dental*****34*9466393649~
10:53:35.706 [main] DEBUG com.edi.validator.EDI834Validator - Validating PLA segment at line 26: PLA*2*P3*20240930~
10:53:35.706 [main] ERROR com.edi.validator.EDI834Validator - Line 27: Invalid loop identifier in LS segment: 2700~
10:53:35.706 [main] DEBUG com.edi.validator.EDI834Validator - Validating LS segment at line 27: LS*2700~
10:53:35.706 [main] DEBUG com.edi.validator.EDI834Validator - Validating LX segment at line 28: LX*1~
10:53:35.706 [main] DEBUG com.edi.validator.EDI834Validator - Validating N1 segment at line 29: N1*IAE*NN68209~
10:53:35.706 [main] DEBUG com.edi.validator.EDI834Validator - Validating REF segment at line 30: REF*18*NN68209]D26570_NY]Dental~
10:53:35.707 [main] ERROR com.edi.validator.EDI834Validator - Line 31: Invalid loop identifier in LE segment: 2700~
10:53:35.707 [main] DEBUG com.edi.validator.EDI834Validator - Validating LE segment at line 31: LE*2700~
Test report generated: target/test-reports/Required_Segments_20250507_105335.html
]]></system-out>
  </testcase>
</testsuite>